<?xml version="1.0" encoding="UTF-8"?>
<robot generator="Robot 3.0.2 (Python 3.6.1 on win32)" generated="20170727 12:37:51.396">
<suite id="s1" name="StreamTest" source="C:\Users\Михаил\Desktop\Python\Стажировка\m.kalyn\Tests\StreamTest.robot">
<test id="s1-t1" name="Test Stream">
<kw name="Stream And Assert Response Code And Lines Count">
<arguments>
<arg>10</arg>
<arg>10</arg>
<arg>200</arg>
</arguments>
<kw name="Stream" library="RestLibrary">
<arguments>
<arg>${HOST}</arg>
<arg>${send_count}</arg>
</arguments>
<assign>
<var>${count}</var>
<var>${response}</var>
</assign>
<msg timestamp="20170727 12:37:54.388" level="DEBUG">Starting new HTTPS connection (1): testrail.a1qa.com</msg>
<msg timestamp="20170727 12:37:54.641" level="DEBUG">https://testrail.a1qa.com:443 "GET /index.php/stream/10 HTTP/1.1" 302 0</msg>
<msg timestamp="20170727 12:37:54.735" level="DEBUG">https://testrail.a1qa.com:443 "GET /index.php?/dashboard HTTP/1.1" 302 0</msg>
<msg timestamp="20170727 12:37:54.837" level="DEBUG">https://testrail.a1qa.com:443 "GET /index.php?/auth/login/L2Rhc2hib2FyZC1hZDcwMmI4MTlkYmVjOGU3ZDcyYWIwZjI3MjA2YmZkY2FhYWFjZjYxMjFiZDYxYTZlYWY4N2ViNDVmZjViNTRk HTTP/1.1" 200 2734</msg>
<msg timestamp="20170727 12:37:54.840" level="INFO">${count} = 0</msg>
<msg timestamp="20170727 12:37:54.840" level="INFO">${response} = 200</msg>
<status status="PASS" starttime="20170727 12:37:54.317" endtime="20170727 12:37:54.840"></status>
</kw>
<kw name="Should Be Equal" library="BuiltIn">
<doc>Fails if the given objects are unequal.</doc>
<arguments>
<arg>${count}</arg>
<arg>${expected_count}</arg>
</arguments>
<msg timestamp="20170727 12:37:54.841" level="DEBUG">Argument types are:
&lt;type 'unicode'&gt;
&lt;type 'unicode'&gt;</msg>
<msg timestamp="20170727 12:37:54.841" level="FAIL">0 != 10</msg>
<msg timestamp="20170727 12:37:54.841" level="DEBUG">Traceback (most recent call last):
  None</msg>
<status status="FAIL" starttime="20170727 12:37:54.840" endtime="20170727 12:37:54.841"></status>
</kw>
<status status="FAIL" starttime="20170727 12:37:54.316" endtime="20170727 12:37:54.841"></status>
</kw>
<kw name="Stream And Assert Response Code And Lines Count">
<arguments>
<arg>ten</arg>
<arg>0</arg>
<arg>404</arg>
</arguments>
<kw name="Stream" library="RestLibrary">
<arguments>
<arg>${HOST}</arg>
<arg>${send_count}</arg>
</arguments>
<assign>
<var>${count}</var>
<var>${response}</var>
</assign>
<msg timestamp="20170727 12:37:54.845" level="DEBUG">Starting new HTTPS connection (1): testrail.a1qa.com</msg>
<msg timestamp="20170727 12:37:55.040" level="DEBUG">https://testrail.a1qa.com:443 "GET /index.php/stream/ten HTTP/1.1" 302 0</msg>
<msg timestamp="20170727 12:37:55.140" level="DEBUG">https://testrail.a1qa.com:443 "GET /index.php?/dashboard HTTP/1.1" 302 0</msg>
<msg timestamp="20170727 12:37:55.256" level="DEBUG">https://testrail.a1qa.com:443 "GET /index.php?/auth/login/L2Rhc2hib2FyZC1hZDcwMmI4MTlkYmVjOGU3ZDcyYWIwZjI3MjA2YmZkY2FhYWFjZjYxMjFiZDYxYTZlYWY4N2ViNDVmZjViNTRk HTTP/1.1" 200 2734</msg>
<msg timestamp="20170727 12:37:55.276" level="INFO">${count} = 0</msg>
<msg timestamp="20170727 12:37:55.277" level="INFO">${response} = 200</msg>
<status status="PASS" starttime="20170727 12:37:54.842" endtime="20170727 12:37:55.277"></status>
</kw>
<kw name="Should Be Equal" library="BuiltIn">
<doc>Fails if the given objects are unequal.</doc>
<arguments>
<arg>${count}</arg>
<arg>${expected_count}</arg>
</arguments>
<msg timestamp="20170727 12:37:55.278" level="DEBUG">Argument types are:
&lt;type 'unicode'&gt;
&lt;type 'unicode'&gt;</msg>
<status status="PASS" starttime="20170727 12:37:55.278" endtime="20170727 12:37:55.278"></status>
</kw>
<kw name="Should Be Equal" library="BuiltIn">
<doc>Fails if the given objects are unequal.</doc>
<arguments>
<arg>${response}</arg>
<arg>${expected_response_code}</arg>
</arguments>
<msg timestamp="20170727 12:37:55.278" level="DEBUG">Argument types are:
&lt;type 'unicode'&gt;
&lt;type 'unicode'&gt;</msg>
<msg timestamp="20170727 12:37:55.278" level="FAIL">200 != 404</msg>
<msg timestamp="20170727 12:37:55.278" level="DEBUG">Traceback (most recent call last):
  None</msg>
<status status="FAIL" starttime="20170727 12:37:55.278" endtime="20170727 12:37:55.278"></status>
</kw>
<status status="FAIL" starttime="20170727 12:37:54.842" endtime="20170727 12:37:55.278"></status>
</kw>
<kw name="Stream And Assert Response Code And Lines Count">
<arguments>
<arg>${empty}</arg>
<arg>0</arg>
<arg>404</arg>
</arguments>
<kw name="Stream" library="RestLibrary">
<arguments>
<arg>${HOST}</arg>
<arg>${send_count}</arg>
</arguments>
<assign>
<var>${count}</var>
<var>${response}</var>
</assign>
<msg timestamp="20170727 12:37:55.278" level="DEBUG">Starting new HTTPS connection (1): testrail.a1qa.com</msg>
<msg timestamp="20170727 12:37:55.510" level="DEBUG">https://testrail.a1qa.com:443 "GET /index.php/stream/ HTTP/1.1" 302 0</msg>
<msg timestamp="20170727 12:37:55.610" level="DEBUG">https://testrail.a1qa.com:443 "GET /index.php?/dashboard HTTP/1.1" 302 0</msg>
<msg timestamp="20170727 12:37:55.725" level="DEBUG">https://testrail.a1qa.com:443 "GET /index.php?/auth/login/L2Rhc2hib2FyZC1hZDcwMmI4MTlkYmVjOGU3ZDcyYWIwZjI3MjA2YmZkY2FhYWFjZjYxMjFiZDYxYTZlYWY4N2ViNDVmZjViNTRk HTTP/1.1" 200 2734</msg>
<msg timestamp="20170727 12:37:55.725" level="INFO">${count} = 0</msg>
<msg timestamp="20170727 12:37:55.725" level="INFO">${response} = 200</msg>
<status status="PASS" starttime="20170727 12:37:55.278" endtime="20170727 12:37:55.725"></status>
</kw>
<kw name="Should Be Equal" library="BuiltIn">
<doc>Fails if the given objects are unequal.</doc>
<arguments>
<arg>${count}</arg>
<arg>${expected_count}</arg>
</arguments>
<msg timestamp="20170727 12:37:55.725" level="DEBUG">Argument types are:
&lt;type 'unicode'&gt;
&lt;type 'unicode'&gt;</msg>
<status status="PASS" starttime="20170727 12:37:55.725" endtime="20170727 12:37:55.725"></status>
</kw>
<kw name="Should Be Equal" library="BuiltIn">
<doc>Fails if the given objects are unequal.</doc>
<arguments>
<arg>${response}</arg>
<arg>${expected_response_code}</arg>
</arguments>
<msg timestamp="20170727 12:37:55.725" level="DEBUG">Argument types are:
&lt;type 'unicode'&gt;
&lt;type 'unicode'&gt;</msg>
<msg timestamp="20170727 12:37:55.725" level="FAIL">200 != 404</msg>
<msg timestamp="20170727 12:37:55.725" level="DEBUG">Traceback (most recent call last):
  None</msg>
<status status="FAIL" starttime="20170727 12:37:55.725" endtime="20170727 12:37:55.725"></status>
</kw>
<status status="FAIL" starttime="20170727 12:37:55.278" endtime="20170727 12:37:55.725"></status>
</kw>
<status status="FAIL" starttime="20170727 12:37:54.299" endtime="20170727 12:37:55.725" critical="yes">Several failures occurred:

1) 0 != 10

2) 200 != 404

3) 200 != 404</status>
</test>
<status status="FAIL" starttime="20170727 12:37:51.396" endtime="20170727 12:37:55.741"></status>
</suite>
<statistics>
<total>
<stat pass="0" fail="1">Critical Tests</stat>
<stat pass="0" fail="1">All Tests</stat>
</total>
<tag>
</tag>
<suite>
<stat pass="0" fail="1" id="s1" name="StreamTest">StreamTest</stat>
</suite>
</statistics>
<errors>
</errors>
</robot>
